Arguments: 
  /Users/sanghoyun/.nvm/versions/node/v12.13.0/bin/node /usr/local/Cellar/yarn/1.19.1/libexec/bin/yarn.js add react-react-dom

PATH: 
  /Users/sanghoyun/.nvm/versions/node/v12.13.0/bin:/usr/local/bin:/usr/bin:/bin:/usr/sbin:/sbin:/usr/local/share/dotnet:~/.dotnet/tools:/Library/Frameworks/Mono.framework/Versions/Current/Commands

Yarn version: 
  1.19.1

Node version: 
  12.13.0

Platform: 
  darwin x64

Trace: 
  Error: https://registry.yarnpkg.com/react-react-dom: Not found
      at Request.params.callback [as _callback] (/usr/local/Cellar/yarn/1.19.1/libexec/lib/cli.js:66926:18)
      at Request.self.callback (/usr/local/Cellar/yarn/1.19.1/libexec/lib/cli.js:140564:22)
      at Request.emit (events.js:210:5)
      at Request.<anonymous> (/usr/local/Cellar/yarn/1.19.1/libexec/lib/cli.js:141536:10)
      at Request.emit (events.js:210:5)
      at IncomingMessage.<anonymous> (/usr/local/Cellar/yarn/1.19.1/libexec/lib/cli.js:141458:12)
      at Object.onceWrapper (events.js:299:28)
      at IncomingMessage.emit (events.js:215:7)
      at endReadableNT (_stream_readable.js:1183:12)
      at processTicksAndRejections (internal/process/task_queues.js:80:21)

npm manifest: 
  {
    "name": "SAMPLE-1",
    "version": "1.0.0",
    "description": "4leaf software homepage layout sample 1",
    "main": "index.js",
    "author": "4LEAF",
    "license": "MIT"
  }

yarn manifest: 
  No manifest

Lockfile: 
  No lockfile
